<?xml version="1.0" encoding="UTF-8"?>
<!-- Generated by org.testng.reporters.JUnitReportReporter -->
<testsuite hostname="Aparna" failures="0" tests="4" name="Day4.ParsingJsonResponseData" time="1.214" errors="0" timestamp="2023-12-18T22:00:52 IST" skipped="3">
  <testcase classname="Day4.ParsingJsonResponseData" name="testJsonResponseDataPriceFromBokArray" time="1.214"/>
  <system-out/>
  <testcase classname="Day4.ParsingJsonResponseData" name="testJsonResponseData">
    <skipped/>
  </testcase> <!-- testJsonResponseData -->
  <system-out/>
  <testcase classname="Day4.ParsingJsonResponseData" name="testJsonResponse2">
    <skipped/>
  </testcase> <!-- testJsonResponse2 -->
  <system-out/>
  <testcase classname="Day4.ParsingJsonResponseData" name="testJsonResponse">
    <skipped/>
  </testcase> <!-- testJsonResponse -->
  <system-out/>
</testsuite> <!-- Day4.ParsingJsonResponseData -->
